build/app/intermediates/manifest_merge_blame_file/debug/manifest-merger-blame-debug-report.txt
1<?xml version="1.0" encoding="utf-8"?>
2<manifest xmlns:android="http://schemas.android.com/apk/res/android"
3    package="com.example.cafemixes"
4    android:versionCode="1"
5    android:versionName="1.0.0" >
6
7    <uses-sdk
8        android:minSdkVersion="21"
9        android:targetSdkVersion="34" />
10    <!--
11         The INTERNET permission is required for development. Specifically,
12         the Flutter tool needs it to communicate with the running application
13         to allow setting breakpoints, to provide hot reload, etc.
14    -->
15    <uses-permission android:name="android.permission.INTERNET" />
15-->src\debug\AndroidManifest.xml:6:5-66
15-->src\debug\AndroidManifest.xml:6:22-64
16    <!--
17     Required to query activities that can process text, see:
18         https://developer.android.com/training/package-visibility and
19         https://developer.android.com/reference/android/content/Intent#ACTION_PROCESS_TEXT.
20
21         In particular, this is used by the Flutter engine in io.flutter.plugin.text.ProcessTextPlugin.
22    -->
23    <queries>
23-->src\main\AndroidManifest.xml:39:5-44:15
24        <intent>
24-->src\main\AndroidManifest.xml:40:9-43:18
25            <action android:name="android.intent.action.PROCESS_TEXT" />
25-->src\main\AndroidManifest.xml:41:13-72
25-->src\main\AndroidManifest.xml:41:21-70
26
27            <data android:mimeType="text/plain" />
27-->src\main\AndroidManifest.xml:42:13-50
27-->src\main\AndroidManifest.xml:42:19-48
28        </intent>
29    </queries>
30
31    <uses-feature android:name="android.hardware.camera.any" />
31-->[:camera_android_camerax] AndroidManifest.xml:9:5-64
31-->[:camera_android_camerax] AndroidManifest.xml:9:19-61
32
33    <uses-permission android:name="android.permission.CAMERA" />
33-->[:camera_android_camerax] AndroidManifest.xml:11:5-65
33-->[:camera_android_camerax] AndroidManifest.xml:11:22-62
34    <uses-permission android:name="android.permission.RECORD_AUDIO" />
34-->[:camera_android_camerax] AndroidManifest.xml:12:5-71
34-->[:camera_android_camerax] AndroidManifest.xml:12:22-68
35    <uses-permission
35-->[:camera_android_camerax] AndroidManifest.xml:13:5-15:38
36        android:name="android.permission.WRITE_EXTERNAL_STORAGE"
36-->[:camera_android_camerax] AndroidManifest.xml:14:9-65
37        android:maxSdkVersion="28" />
37-->[:camera_android_camerax] AndroidManifest.xml:15:9-35
38    <uses-permission android:name="android.permission.READ_EXTERNAL_STORAGE" />
39
40    <permission
40-->[androidx.core:core:1.13.1] AndroidManifest.xml:22:5-24:47
41        android:name="com.example.cafemixes.DYNAMIC_RECEIVER_NOT_EXPORTED_PERMISSION"
41-->[androidx.core:core:1.13.1] AndroidManifest.xml:23:9-81
42        android:protectionLevel="signature" />
42-->[androidx.core:core:1.13.1] AndroidManifest.xml:24:9-44
43
44    <uses-permission android:name="com.example.cafemixes.DYNAMIC_RECEIVER_NOT_EXPORTED_PERMISSION" />
44-->[androidx.core:core:1.13.1] AndroidManifest.xml:26:5-97
44-->[androidx.core:core:1.13.1] AndroidManifest.xml:26:22-94
45
46    <application
47        android:name="android.app.Application"
48        android:appComponentFactory="androidx.core.app.CoreComponentFactory"
48-->[androidx.core:core:1.13.1] AndroidManifest.xml:28:18-86
49        android:debuggable="true"
50        android:icon="@mipmap/ic_launcher"
51        android:label="cafemixes" >
52        <activity
53            android:name="com.example.cafemixes.MainActivity"
54            android:configChanges="orientation|keyboardHidden|keyboard|screenSize|smallestScreenSize|locale|layoutDirection|fontScale|screenLayout|density|uiMode"
55            android:exported="true"
56            android:hardwareAccelerated="true"
57            android:launchMode="singleTop"
58            android:taskAffinity=""
59            android:theme="@style/LaunchTheme"
60            android:windowSoftInputMode="adjustResize" >
61
62            <!--
63                 Specifies an Android theme to apply to this Activity as soon as
64                 the Android process has started. This theme is visible to the user
65                 while the Flutter UI initializes. After that, this theme continues
66                 to determine the Window background behind the Flutter UI.
67            -->
68            <meta-data
69                android:name="io.flutter.embedding.android.NormalTheme"
70                android:resource="@style/NormalTheme" />
71
72            <intent-filter>
73                <action android:name="android.intent.action.MAIN" />
74
75                <category android:name="android.intent.category.LAUNCHER" />
76            </intent-filter>
77        </activity>
78        <!--
79             Don't delete the meta-data below.
80             This is used by the Flutter tool to generate GeneratedPluginRegistrant.java
81        -->
82        <meta-data
83            android:name="flutterEmbedding"
84            android:value="2" />
85
86        <provider
86-->[:flutter_email_sender] AndroidManifest.xml:10:9-18:20
87            android:name="com.sidlatau.flutteremailsender.FlutterEmailSenderFileProvider"
87-->[:flutter_email_sender] AndroidManifest.xml:11:13-90
88            android:authorities="com.example.cafemixes.file_provider"
88-->[:flutter_email_sender] AndroidManifest.xml:12:13-65
89            android:exported="false"
89-->[:flutter_email_sender] AndroidManifest.xml:13:13-37
90            android:grantUriPermissions="true" >
90-->[:flutter_email_sender] AndroidManifest.xml:14:13-47
91            <meta-data
91-->[:flutter_email_sender] AndroidManifest.xml:15:13-17:61
92                android:name="android.support.FILE_PROVIDER_PATHS"
92-->[:flutter_email_sender] AndroidManifest.xml:16:17-67
93                android:resource="@xml/shared_file_paths" />
93-->[:flutter_email_sender] AndroidManifest.xml:17:17-58
94        </provider>
95        <!--
96           Declares a provider which allows us to store files to share in
97           '.../caches/share_plus' and grant the receiving action access
98        -->
99        <provider
99-->[:share_plus] AndroidManifest.xml:15:9-23:20
100            android:name="dev.fluttercommunity.plus.share.ShareFileProvider"
100-->[:share_plus] AndroidManifest.xml:16:13-77
101            android:authorities="com.example.cafemixes.flutter.share_provider"
101-->[:share_plus] AndroidManifest.xml:17:13-74
102            android:exported="false"
102-->[:share_plus] AndroidManifest.xml:18:13-37
103            android:grantUriPermissions="true" >
103-->[:share_plus] AndroidManifest.xml:19:13-47
104            <meta-data
104-->[:flutter_email_sender] AndroidManifest.xml:15:13-17:61
105                android:name="android.support.FILE_PROVIDER_PATHS"
105-->[:flutter_email_sender] AndroidManifest.xml:16:17-67
106                android:resource="@xml/flutter_share_file_paths" />
106-->[:flutter_email_sender] AndroidManifest.xml:17:17-58
107        </provider>
108        <!--
109           This manifest declared broadcast receiver allows us to use an explicit
110           Intent when creating a PendingItent to be informed of the user's choice
111        -->
112        <receiver
112-->[:share_plus] AndroidManifest.xml:28:9-34:20
113            android:name="dev.fluttercommunity.plus.share.SharePlusPendingIntent"
113-->[:share_plus] AndroidManifest.xml:29:13-82
114            android:exported="false" >
114-->[:share_plus] AndroidManifest.xml:30:13-37
115            <intent-filter>
115-->[:share_plus] AndroidManifest.xml:31:13-33:29
116                <action android:name="EXTRA_CHOSEN_COMPONENT" />
116-->[:share_plus] AndroidManifest.xml:32:17-65
116-->[:share_plus] AndroidManifest.xml:32:25-62
117            </intent-filter>
118        </receiver>
119
120        <service
120-->[androidx.camera:camera-camera2:1.3.4] AndroidManifest.xml:24:9-33:19
121            android:name="androidx.camera.core.impl.MetadataHolderService"
121-->[androidx.camera:camera-camera2:1.3.4] AndroidManifest.xml:25:13-75
122            android:enabled="false"
122-->[androidx.camera:camera-camera2:1.3.4] AndroidManifest.xml:26:13-36
123            android:exported="false" >
123-->[androidx.camera:camera-camera2:1.3.4] AndroidManifest.xml:27:13-37
124            <meta-data
124-->[androidx.camera:camera-camera2:1.3.4] AndroidManifest.xml:30:13-32:89
125                android:name="androidx.camera.core.impl.MetadataHolderService.DEFAULT_CONFIG_PROVIDER"
125-->[androidx.camera:camera-camera2:1.3.4] AndroidManifest.xml:31:17-103
126                android:value="androidx.camera.camera2.Camera2Config$DefaultProvider" />
126-->[androidx.camera:camera-camera2:1.3.4] AndroidManifest.xml:32:17-86
127        </service>
128
129        <uses-library
129-->[androidx.window:window:1.2.0] AndroidManifest.xml:23:9-25:40
130            android:name="androidx.window.extensions"
130-->[androidx.window:window:1.2.0] AndroidManifest.xml:24:13-54
131            android:required="false" />
131-->[androidx.window:window:1.2.0] AndroidManifest.xml:25:13-37
132        <uses-library
132-->[androidx.window:window:1.2.0] AndroidManifest.xml:26:9-28:40
133            android:name="androidx.window.sidecar"
133-->[androidx.window:window:1.2.0] AndroidManifest.xml:27:13-51
134            android:required="false" />
134-->[androidx.window:window:1.2.0] AndroidManifest.xml:28:13-37
135
136        <provider
136-->[androidx.emoji2:emoji2:1.2.0] AndroidManifest.xml:24:9-32:20
137            android:name="androidx.startup.InitializationProvider"
137-->[androidx.emoji2:emoji2:1.2.0] AndroidManifest.xml:25:13-67
138            android:authorities="com.example.cafemixes.androidx-startup"
138-->[androidx.emoji2:emoji2:1.2.0] AndroidManifest.xml:26:13-68
139            android:exported="false" >
139-->[androidx.emoji2:emoji2:1.2.0] AndroidManifest.xml:27:13-37
140            <meta-data
140-->[androidx.emoji2:emoji2:1.2.0] AndroidManifest.xml:29:13-31:52
141                android:name="androidx.emoji2.text.EmojiCompatInitializer"
141-->[androidx.emoji2:emoji2:1.2.0] AndroidManifest.xml:30:17-75
142                android:value="androidx.startup" />
142-->[androidx.emoji2:emoji2:1.2.0] AndroidManifest.xml:31:17-49
143            <meta-data
143-->[androidx.lifecycle:lifecycle-process:2.7.0] AndroidManifest.xml:29:13-31:52
144                android:name="androidx.lifecycle.ProcessLifecycleInitializer"
144-->[androidx.lifecycle:lifecycle-process:2.7.0] AndroidManifest.xml:30:17-78
145                android:value="androidx.startup" />
145-->[androidx.lifecycle:lifecycle-process:2.7.0] AndroidManifest.xml:31:17-49
146            <meta-data
146-->[androidx.profileinstaller:profileinstaller:1.3.1] AndroidManifest.xml:29:13-31:52
147                android:name="androidx.profileinstaller.ProfileInstallerInitializer"
147-->[androidx.profileinstaller:profileinstaller:1.3.1] AndroidManifest.xml:30:17-85
148                android:value="androidx.startup" />
148-->[androidx.profileinstaller:profileinstaller:1.3.1] AndroidManifest.xml:31:17-49
149        </provider>
150
151        <receiver
151-->[androidx.profileinstaller:profileinstaller:1.3.1] AndroidManifest.xml:34:9-52:20
152            android:name="androidx.profileinstaller.ProfileInstallReceiver"
152-->[androidx.profileinstaller:profileinstaller:1.3.1] AndroidManifest.xml:35:13-76
153            android:directBootAware="false"
153-->[androidx.profileinstaller:profileinstaller:1.3.1] AndroidManifest.xml:36:13-44
154            android:enabled="true"
154-->[androidx.profileinstaller:profileinstaller:1.3.1] AndroidManifest.xml:37:13-35
155            android:exported="true"
155-->[androidx.profileinstaller:profileinstaller:1.3.1] AndroidManifest.xml:38:13-36
156            android:permission="android.permission.DUMP" >
156-->[androidx.profileinstaller:profileinstaller:1.3.1] AndroidManifest.xml:39:13-57
157            <intent-filter>
157-->[androidx.profileinstaller:profileinstaller:1.3.1] AndroidManifest.xml:40:13-42:29
158                <action android:name="androidx.profileinstaller.action.INSTALL_PROFILE" />
158-->[androidx.profileinstaller:profileinstaller:1.3.1] AndroidManifest.xml:41:17-91
158-->[androidx.profileinstaller:profileinstaller:1.3.1] AndroidManifest.xml:41:25-88
159            </intent-filter>
160            <intent-filter>
160-->[androidx.profileinstaller:profileinstaller:1.3.1] AndroidManifest.xml:43:13-45:29
161                <action android:name="androidx.profileinstaller.action.SKIP_FILE" />
161-->[androidx.profileinstaller:profileinstaller:1.3.1] AndroidManifest.xml:44:17-85
161-->[androidx.profileinstaller:profileinstaller:1.3.1] AndroidManifest.xml:44:25-82
162            </intent-filter>
163            <intent-filter>
163-->[androidx.profileinstaller:profileinstaller:1.3.1] AndroidManifest.xml:46:13-48:29
164                <action android:name="androidx.profileinstaller.action.SAVE_PROFILE" />
164-->[androidx.profileinstaller:profileinstaller:1.3.1] AndroidManifest.xml:47:17-88
164-->[androidx.profileinstaller:profileinstaller:1.3.1] AndroidManifest.xml:47:25-85
165            </intent-filter>
166            <intent-filter>
166-->[androidx.profileinstaller:profileinstaller:1.3.1] AndroidManifest.xml:49:13-51:29
167                <action android:name="androidx.profileinstaller.action.BENCHMARK_OPERATION" />
167-->[androidx.profileinstaller:profileinstaller:1.3.1] AndroidManifest.xml:50:17-95
167-->[androidx.profileinstaller:profileinstaller:1.3.1] AndroidManifest.xml:50:25-92
168            </intent-filter>
169        </receiver>
170    </application>
171
172</manifest>